[2025-05-18 09:33:44,884: INFO:main:Welcome to our custom logging data science]
[2025-05-18 12:48:58,716: INFO:common:yaml file: config\config.yaml loaded successfully]
[2025-05-18 12:48:58,719: INFO:common:yaml file: params.yaml loaded successfully]
[2025-05-18 12:54:26,043: INFO:common:yaml file: config\config.yaml loaded successfully]
[2025-05-18 12:54:26,045: INFO:common:yaml file: params.yaml loaded successfully]
[2025-05-18 12:57:48,081: INFO:common:yaml file: config\config.yaml loaded successfully]
[2025-05-18 12:57:48,084: INFO:common:yaml file: params.yaml loaded successfully]
[2025-05-18 12:57:48,086: INFO:common:yaml file: schema.yaml loaded successfully]
[2025-05-18 12:57:48,088: INFO:common:created directory at: artifacts]
[2025-05-18 12:57:48,089: INFO:common:created directory at: artifacts/data_ingestion]
[2025-05-18 12:57:48,990: INFO:251335794:artifacts/data_ingestion/data.zip download! with following info: 
Connection: close
Content-Length: 23329
Cache-Control: max-age=300
Content-Security-Policy: default-src 'none'; style-src 'unsafe-inline'; sandbox
Content-Type: application/zip
ETag: "c69888a4ae59bc5a893392785a938ccd4937981c06ba8a9d6a21aa52b4ab5b6e"
Strict-Transport-Security: max-age=31536000
X-Content-Type-Options: nosniff
X-Frame-Options: deny
X-XSS-Protection: 1; mode=block
X-GitHub-Request-Id: 18FA:1DFCB3:26C7AC:572EAA:68298BF4
Accept-Ranges: bytes
Date: Sun, 18 May 2025 07:27:48 GMT
Via: 1.1 varnish
X-Served-By: cache-bom4733-BOM
X-Cache: MISS
X-Cache-Hits: 0
X-Timer: S1747553268.394120,VS0,VE358
Vary: Authorization,Accept-Encoding,Origin
Access-Control-Allow-Origin: *
Cross-Origin-Resource-Policy: cross-origin
X-Fastly-Request-ID: f7940f0c99e37c12331ce70ccca52e18bddfce1e
Expires: Sun, 18 May 2025 07:32:48 GMT
Source-Age: 0

]
[2025-05-18 15:49:06,609: INFO:main:>>>>>> stage Data Ingestion stage started <<<<<<]
[2025-05-18 15:49:06,609: INFO:common:yaml file: config\config.yaml loaded successfully]
[2025-05-18 15:49:06,624: INFO:common:yaml file: params.yaml loaded successfully]
[2025-05-18 15:49:06,625: INFO:common:yaml file: schema.yaml loaded successfully]
[2025-05-18 15:49:06,625: INFO:common:created directory at: artifacts]
[2025-05-18 15:49:06,626: INFO:common:created directory at: artifacts/data_ingestion]
[2025-05-18 15:49:06,626: INFO:data_ingestion:File already exists]
[2025-05-18 15:49:06,630: INFO:main:>>>>>> stage Data Ingestion stage completed <<<<<<

x==========x]
[2025-05-18 16:51:51,279: INFO:common:yaml file: config\config.yaml loaded successfully]
[2025-05-18 16:51:51,281: INFO:common:yaml file: params.yaml loaded successfully]
[2025-05-18 16:51:51,286: INFO:common:yaml file: schema.yaml loaded successfully]
[2025-05-18 16:51:51,288: INFO:common:created directory at: artifacts]
[2025-05-18 16:51:51,290: INFO:common:created directory at: artifacts/data_validation]
[2025-05-18 16:54:12,663: INFO:common:yaml file: config\config.yaml loaded successfully]
[2025-05-18 16:54:12,665: INFO:common:yaml file: params.yaml loaded successfully]
[2025-05-18 16:54:12,667: INFO:common:yaml file: schema.yaml loaded successfully]
[2025-05-18 16:54:12,669: INFO:common:created directory at: artifacts]
[2025-05-18 16:54:12,669: INFO:common:created directory at: artifacts/data_validation]
[2025-05-18 16:56:45,874: INFO:common:yaml file: config\config.yaml loaded successfully]
[2025-05-18 16:56:45,875: INFO:common:yaml file: params.yaml loaded successfully]
[2025-05-18 16:56:45,877: INFO:common:yaml file: schema.yaml loaded successfully]
[2025-05-18 16:56:45,878: INFO:common:created directory at: artifacts]
[2025-05-18 16:56:45,880: INFO:common:created directory at: artifacts/data_validation]
[2025-05-18 17:51:50,206: INFO:main:>>>>>> stage Data Ingestion stage started <<<<<<]
[2025-05-18 17:51:50,212: INFO:common:yaml file: config\config.yaml loaded successfully]
[2025-05-18 17:51:50,213: INFO:common:yaml file: params.yaml loaded successfully]
[2025-05-18 17:51:50,215: INFO:common:yaml file: schema.yaml loaded successfully]
[2025-05-18 17:51:50,215: INFO:common:created directory at: artifacts]
[2025-05-18 17:51:50,215: INFO:common:created directory at: artifacts/data_ingestion]
[2025-05-18 17:51:50,216: INFO:data_ingestion:File already exists]
[2025-05-18 17:51:50,218: INFO:main:>>>>>> stage Data Ingestion stage completed <<<<<<

x==========x]
[2025-05-18 17:51:50,218: INFO:main:>>>>>> stage Data Validation stage started <<<<<<]
[2025-05-18 17:51:50,219: INFO:common:yaml file: config\config.yaml loaded successfully]
[2025-05-18 17:51:50,220: INFO:common:yaml file: params.yaml loaded successfully]
[2025-05-18 17:51:50,222: INFO:common:yaml file: schema.yaml loaded successfully]
[2025-05-18 17:51:50,222: INFO:common:created directory at: artifacts]
[2025-05-18 17:51:50,223: INFO:common:created directory at: artifacts/data_validation]
[2025-05-18 17:51:50,223: ERROR:main:name 'DataValiadtion' is not defined]
Traceback (most recent call last):
  File "D:\Learning\Udemy ML_Ops Krish\MLOPS\datascienceproject\main.py", line 20, in <module>
    data_ingestion.initiate_data_validation()
  File "D:\Learning\Udemy ML_Ops Krish\MLOPS\datascienceproject\src\datascience\pipeline\data_validation_pipeline.py", line 14, in initiate_data_validation
    data_validation = DataValiadtion(config=data_validation_config)
NameError: name 'DataValiadtion' is not defined
[2025-05-18 17:52:42,972: INFO:main:>>>>>> stage Data Ingestion stage started <<<<<<]
[2025-05-18 17:52:42,972: INFO:common:yaml file: config\config.yaml loaded successfully]
[2025-05-18 17:52:42,972: INFO:common:yaml file: params.yaml loaded successfully]
[2025-05-18 17:52:42,978: INFO:common:yaml file: schema.yaml loaded successfully]
[2025-05-18 17:52:42,979: INFO:common:created directory at: artifacts]
[2025-05-18 17:52:42,979: INFO:common:created directory at: artifacts/data_ingestion]
[2025-05-18 17:52:42,979: INFO:data_ingestion:File already exists]
[2025-05-18 17:52:42,981: INFO:main:>>>>>> stage Data Ingestion stage completed <<<<<<

x==========x]
[2025-05-18 17:52:42,982: INFO:main:>>>>>> stage Data Validation stage started <<<<<<]
[2025-05-18 17:52:42,984: INFO:common:yaml file: config\config.yaml loaded successfully]
[2025-05-18 17:52:42,985: INFO:common:yaml file: params.yaml loaded successfully]
[2025-05-18 17:52:42,987: INFO:common:yaml file: schema.yaml loaded successfully]
[2025-05-18 17:52:42,987: INFO:common:created directory at: artifacts]
[2025-05-18 17:52:42,988: INFO:common:created directory at: artifacts/data_validation]
[2025-05-18 17:52:42,991: INFO:main:>>>>>> stage Data Validation stage completed <<<<<<

x==========x]
